Script called without parameters. Defaulting to latest version of modules. For certain version use:
login.sh legacy - for packages from before 23.09.23 release
login.sh latest - for packages starting from 23.09.23 release

Processing RunAnalyses.C...
MpdAnalysisManager: adding taks pCentr
MpdAnalysisManager: adding taks taskEner
Counted 2 tasks to process
Opening output file for writing pCentr.root
Opening output file for writing taskEner.root
[MpdCentralityAll]: Initialization ... 
Read input text file: pCentr.txt
#-------Parameters used for evCentrality analysis------
# Event selection: 
mZvtxCut       130 // cut on vertex z coordinate
# Track cuts:  
mNofHitsCut    10  // minimal number of hits to accept track
mEtaCut        0.5  // maximal pseudorapidity accepted
mPtminCut      0.1  // minimal pt used in analysis
mDcaCut        2  // maximal DCA accepted
# Production selection: 
mProdGenerator Req28-UrQMD  // Production-Generator
mInFileConvert nTr_Centr_Req28-UrQMD.root  // Input file with track-to-centrality converter
# Track efficiecny corrections: 
mInFileTrEff   TrackRecEff.root  // Input file with track efficiecny corrections
------------------------------------------
[MpdCentralityAll]: Reading out nTrack-to-Centrality conversion table from file nTr_Centr_Req28-UrQMD.root
[MpdCentralityAll]: Reading out track reconstruction values from file TrackRecEff.root
[MpdCentralityAll]: Initialization done 

EnerClass1::Initialization
MpdPid::Init()..
ERROR! Unknown tracking method! Switch to default ("CFHM").
Incorrect generator string! Switching to DEFAULT...
Adding to chain: /eos/nica/mpd/sim/data/exp/dst-BiBi-09.2GeV-mp07-22-500ev-req28/BiBi/09.2GeV-mb/urqmd/BiBi-09.2GeV-mp07-22-500ev-req28/urqmd-BiBi-09.2GeV-mb-eos0-500-2000.reco.root
Adding to chain: /eos/nica/mpd/sim/data/exp/dst-BiBi-09.2GeV-mp07-22-500ev-req28/BiBi/09.2GeV-mb/urqmd/BiBi-09.2GeV-mp07-22-500ev-req28/urqmd-BiBi-09.2GeV-mb-eos0-500-2001.reco.root
Adding to chain: /eos/nica/mpd/sim/data/exp/dst-BiBi-09.2GeV-mp07-22-500ev-req28/BiBi/09.2GeV-mb/urqmd/BiBi-09.2GeV-mp07-22-500ev-req28/urqmd-BiBi-09.2GeV-mb-eos0-500-2002.reco.root
Adding to chain: /eos/nica/mpd/sim/data/exp/dst-BiBi-09.2GeV-mp07-22-500ev-req28/BiBi/09.2GeV-mb/urqmd/BiBi-09.2GeV-mp07-22-500ev-req28/urqmd-BiBi-09.2GeV-mb-eos0-500-2003.reco.root
Adding to chain: /eos/nica/mpd/sim/data/exp/dst-BiBi-09.2GeV-mp07-22-500ev-req28/BiBi/09.2GeV-mb/urqmd/BiBi-09.2GeV-mp07-22-500ev-req28/urqmd-BiBi-09.2GeV-mb-eos0-500-2004.reco.root
Adding to chain: /eos/nica/mpd/sim/data/exp/dst-BiBi-09.2GeV-mp07-22-500ev-req28/BiBi/09.2GeV-mb/urqmd/BiBi-09.2GeV-mp07-22-500ev-req28/urqmd-BiBi-09.2GeV-mb-eos0-500-2005.reco.root
Adding to chain: /eos/nica/mpd/sim/data/exp/dst-BiBi-09.2GeV-mp07-22-500ev-req28/BiBi/09.2GeV-mb/urqmd/BiBi-09.2GeV-mp07-22-500ev-req28/urqmd-BiBi-09.2GeV-mb-eos0-500-2006.reco.root
Adding to chain: /eos/nica/mpd/sim/data/exp/dst-BiBi-09.2GeV-mp07-22-500ev-req28/BiBi/09.2GeV-mb/urqmd/BiBi-09.2GeV-mp07-22-500ev-req28/urqmd-BiBi-09.2GeV-mb-eos0-500-2007.reco.root
Adding to chain: /eos/nica/mpd/sim/data/exp/dst-BiBi-09.2GeV-mp07-22-500ev-req28/BiBi/09.2GeV-mb/urqmd/BiBi-09.2GeV-mp07-22-500ev-req28/urqmd-BiBi-09.2GeV-mb-eos0-500-2008.reco.root
Adding to chain: /eos/nica/mpd/sim/data/exp/dst-BiBi-09.2GeV-mp07-22-500ev-req28/BiBi/09.2GeV-mb/urqmd/BiBi-09.2GeV-mp07-22-500ev-req28/urqmd-BiBi-09.2GeV-mb-eos0-500-2009.reco.root
Adding to chain: /eos/nica/mpd/sim/data/exp/dst-BiBi-09.2GeV-mp07-22-500ev-req28/BiBi/09.2GeV-mb/urqmd/BiBi-09.2GeV-mp07-22-500ev-req28/urqmd-BiBi-09.2GeV-mb-eos0-500-200.reco.root
Adding to chain: /eos/nica/mpd/sim/data/exp/dst-BiBi-09.2GeV-mp07-22-500ev-req28/BiBi/09.2GeV-mb/urqmd/BiBi-09.2GeV-mp07-22-500ev-req28/urqmd-BiBi-09.2GeV-mb-eos0-500-2010.reco.root
Adding to chain: /eos/nica/mpd/sim/data/exp/dst-BiBi-09.2GeV-mp07-22-500ev-req28/BiBi/09.2GeV-mb/urqmd/BiBi-09.2GeV-mp07-22-500ev-req28/urqmd-BiBi-09.2GeV-mb-eos0-500-2011.reco.root
Adding to chain: /eos/nica/mpd/sim/data/exp/dst-BiBi-09.2GeV-mp07-22-500ev-req28/BiBi/09.2GeV-mb/urqmd/BiBi-09.2GeV-mp07-22-500ev-req28/urqmd-BiBi-09.2GeV-mb-eos0-500-2012.reco.root
Adding to chain: /eos/nica/mpd/sim/data/exp/dst-BiBi-09.2GeV-mp07-22-500ev-req28/BiBi/09.2GeV-mb/urqmd/BiBi-09.2GeV-mp07-22-500ev-req28/urqmd-BiBi-09.2GeV-mb-eos0-500-2013.reco.root
Adding to chain: /eos/nica/mpd/sim/data/exp/dst-BiBi-09.2GeV-mp07-22-500ev-req28/BiBi/09.2GeV-mb/urqmd/BiBi-09.2GeV-mp07-22-500ev-req28/urqmd-BiBi-09.2GeV-mb-eos0-500-2014.reco.root
Adding to chain: /eos/nica/mpd/sim/data/exp/dst-BiBi-09.2GeV-mp07-22-500ev-req28/BiBi/09.2GeV-mb/urqmd/BiBi-09.2GeV-mp07-22-500ev-req28/urqmd-BiBi-09.2GeV-mb-eos0-500-2015.reco.root
Adding to chain: /eos/nica/mpd/sim/data/exp/dst-BiBi-09.2GeV-mp07-22-500ev-req28/BiBi/09.2GeV-mb/urqmd/BiBi-09.2GeV-mp07-22-500ev-req28/urqmd-BiBi-09.2GeV-mb-eos0-500-2016.reco.root
Adding to chain: /eos/nica/mpd/sim/data/exp/dst-BiBi-09.2GeV-mp07-22-500ev-req28/BiBi/09.2GeV-mb/urqmd/BiBi-09.2GeV-mp07-22-500ev-req28/urqmd-BiBi-09.2GeV-mb-eos0-500-2017.reco.root
Adding to chain: /eos/nica/mpd/sim/data/exp/dst-BiBi-09.2GeV-mp07-22-500ev-req28/BiBi/09.2GeV-mb/urqmd/BiBi-09.2GeV-mp07-22-500ev-req28/urqmd-BiBi-09.2GeV-mb-eos0-500-2018.reco.root
Adding to chain: /eos/nica/mpd/sim/data/exp/dst-BiBi-09.2GeV-mp07-22-500ev-req28/BiBi/09.2GeV-mb/urqmd/BiBi-09.2GeV-mp07-22-500ev-req28/urqmd-BiBi-09.2GeV-mb-eos0-500-2019.reco.root
Adding to chain: /eos/nica/mpd/sim/data/exp/dst-BiBi-09.2GeV-mp07-22-500ev-req28/BiBi/09.2GeV-mb/urqmd/BiBi-09.2GeV-mp07-22-500ev-req28/urqmd-BiBi-09.2GeV-mb-eos0-500-201.reco.root
Adding to chain: /eos/nica/mpd/sim/data/exp/dst-BiBi-09.2GeV-mp07-22-500ev-req28/BiBi/09.2GeV-mb/urqmd/BiBi-09.2GeV-mp07-22-500ev-req28/urqmd-BiBi-09.2GeV-mb-eos0-500-2020.reco.root
Adding to chain: /eos/nica/mpd/sim/data/exp/dst-BiBi-09.2GeV-mp07-22-500ev-req28/BiBi/09.2GeV-mb/urqmd/BiBi-09.2GeV-mp07-22-500ev-req28/urqmd-BiBi-09.2GeV-mb-eos0-500-2021.reco.root
Adding to chain: /eos/nica/mpd/sim/data/exp/dst-BiBi-09.2GeV-mp07-22-500ev-req28/BiBi/09.2GeV-mb/urqmd/BiBi-09.2GeV-mp07-22-500ev-req28/urqmd-BiBi-09.2GeV-mb-eos0-500-2022.reco.root
Adding to chain: /eos/nica/mpd/sim/data/exp/dst-BiBi-09.2GeV-mp07-22-500ev-req28/BiBi/09.2GeV-mb/urqmd/BiBi-09.2GeV-mp07-22-500ev-req28/urqmd-BiBi-09.2GeV-mb-eos0-500-2023.reco.root
Adding to chain: /eos/nica/mpd/sim/data/exp/dst-BiBi-09.2GeV-mp07-22-500ev-req28/BiBi/09.2GeV-mb/urqmd/BiBi-09.2GeV-mp07-22-500ev-req28/urqmd-BiBi-09.2GeV-mb-eos0-500-2024.reco.root
Adding to chain: /eos/nica/mpd/sim/data/exp/dst-BiBi-09.2GeV-mp07-22-500ev-req28/BiBi/09.2GeV-mb/urqmd/BiBi-09.2GeV-mp07-22-500ev-req28/urqmd-BiBi-09.2GeV-mb-eos0-500-2025.reco.root
Adding to chain: /eos/nica/mpd/sim/data/exp/dst-BiBi-09.2GeV-mp07-22-500ev-req28/BiBi/09.2GeV-mb/urqmd/BiBi-09.2GeV-mp07-22-500ev-req28/urqmd-BiBi-09.2GeV-mb-eos0-500-2026.reco.root
Adding to chain: /eos/nica/mpd/sim/data/exp/dst-BiBi-09.2GeV-mp07-22-500ev-req28/BiBi/09.2GeV-mb/urqmd/BiBi-09.2GeV-mp07-22-500ev-req28/urqmd-BiBi-09.2GeV-mb-eos0-500-2027.reco.root
Adding to chain: /eos/nica/mpd/sim/data/exp/dst-BiBi-09.2GeV-mp07-22-500ev-req28/BiBi/09.2GeV-mb/urqmd/BiBi-09.2GeV-mp07-22-500ev-req28/urqmd-BiBi-09.2GeV-mb-eos0-500-2028.reco.root
Adding to chain: /eos/nica/mpd/sim/data/exp/dst-BiBi-09.2GeV-mp07-22-500ev-req28/BiBi/09.2GeV-mb/urqmd/BiBi-09.2GeV-mp07-22-500ev-req28/urqmd-BiBi-09.2GeV-mb-eos0-500-2029.reco.root
Adding to chain: /eos/nica/mpd/sim/data/exp/dst-BiBi-09.2GeV-mp07-22-500ev-req28/BiBi/09.2GeV-mb/urqmd/BiBi-09.2GeV-mp07-22-500ev-req28/urqmd-BiBi-09.2GeV-mb-eos0-500-202.reco.root
Adding to chain: /eos/nica/mpd/sim/data/exp/dst-BiBi-09.2GeV-mp07-22-500ev-req28/BiBi/09.2GeV-mb/urqmd/BiBi-09.2GeV-mp07-22-500ev-req28/urqmd-BiBi-09.2GeV-mb-eos0-500-2030.reco.root
Adding to chain: /eos/nica/mpd/sim/data/exp/dst-BiBi-09.2GeV-mp07-22-500ev-req28/BiBi/09.2GeV-mb/urqmd/BiBi-09.2GeV-mp07-22-500ev-req28/urqmd-BiBi-09.2GeV-mb-eos0-500-2031.reco.root
Adding to chain: /eos/nica/mpd/sim/data/exp/dst-BiBi-09.2GeV-mp07-22-500ev-req28/BiBi/09.2GeV-mb/urqmd/BiBi-09.2GeV-mp07-22-500ev-req28/urqmd-BiBi-09.2GeV-mb-eos0-500-2032.reco.root
Adding to chain: /eos/nica/mpd/sim/data/exp/dst-BiBi-09.2GeV-mp07-22-500ev-req28/BiBi/09.2GeV-mb/urqmd/BiBi-09.2GeV-mp07-22-500ev-req28/urqmd-BiBi-09.2GeV-mb-eos0-500-2033.reco.root
Adding to chain: /eos/nica/mpd/sim/data/exp/dst-BiBi-09.2GeV-mp07-22-500ev-req28/BiBi/09.2GeV-mb/urqmd/BiBi-09.2GeV-mp07-22-500ev-req28/urqmd-BiBi-09.2GeV-mb-eos0-500-2034.reco.root
Adding to chain: /eos/nica/mpd/sim/data/exp/dst-BiBi-09.2GeV-mp07-22-500ev-req28/BiBi/09.2GeV-mb/urqmd/BiBi-09.2GeV-mp07-22-500ev-req28/urqmd-BiBi-09.2GeV-mb-eos0-500-2035.reco.root
Adding to chain: /eos/nica/mpd/sim/data/exp/dst-BiBi-09.2GeV-mp07-22-500ev-req28/BiBi/09.2GeV-mb/urqmd/BiBi-09.2GeV-mp07-22-500ev-req28/urqmd-BiBi-09.2GeV-mb-eos0-500-2036.reco.root
Adding to chain: /eos/nica/mpd/sim/data/exp/dst-BiBi-09.2GeV-mp07-22-500ev-req28/BiBi/09.2GeV-mb/urqmd/BiBi-09.2GeV-mp07-22-500ev-req28/urqmd-BiBi-09.2GeV-mb-eos0-500-2037.reco.root
Adding to chain: /eos/nica/mpd/sim/data/exp/dst-BiBi-09.2GeV-mp07-22-500ev-req28/BiBi/09.2GeV-mb/urqmd/BiBi-09.2GeV-mp07-22-500ev-req28/urqmd-BiBi-09.2GeV-mb-eos0-500-2038.reco.root
Adding to chain: /eos/nica/mpd/sim/data/exp/dst-BiBi-09.2GeV-mp07-22-500ev-req28/BiBi/09.2GeV-mb/urqmd/BiBi-09.2GeV-mp07-22-500ev-req28/urqmd-BiBi-09.2GeV-mb-eos0-500-2039.reco.root
Adding to chain: /eos/nica/mpd/sim/data/exp/dst-BiBi-09.2GeV-mp07-22-500ev-req28/BiBi/09.2GeV-mb/urqmd/BiBi-09.2GeV-mp07-22-500ev-req28/urqmd-BiBi-09.2GeV-mb-eos0-500-203.reco.root
Adding to chain: /eos/nica/mpd/sim/data/exp/dst-BiBi-09.2GeV-mp07-22-500ev-req28/BiBi/09.2GeV-mb/urqmd/BiBi-09.2GeV-mp07-22-500ev-req28/urqmd-BiBi-09.2GeV-mb-eos0-500-2040.reco.root
Adding to chain: /eos/nica/mpd/sim/data/exp/dst-BiBi-09.2GeV-mp07-22-500ev-req28/BiBi/09.2GeV-mb/urqmd/BiBi-09.2GeV-mp07-22-500ev-req28/urqmd-BiBi-09.2GeV-mb-eos0-500-2041.reco.root
Adding to chain: /eos/nica/mpd/sim/data/exp/dst-BiBi-09.2GeV-mp07-22-500ev-req28/BiBi/09.2GeV-mb/urqmd/BiBi-09.2GeV-mp07-22-500ev-req28/urqmd-BiBi-09.2GeV-mb-eos0-500-2042.reco.root
Adding to chain: /eos/nica/mpd/sim/data/exp/dst-BiBi-09.2GeV-mp07-22-500ev-req28/BiBi/09.2GeV-mb/urqmd/BiBi-09.2GeV-mp07-22-500ev-req28/urqmd-BiBi-09.2GeV-mb-eos0-500-2043.reco.root
Adding to chain: /eos/nica/mpd/sim/data/exp/dst-BiBi-09.2GeV-mp07-22-500ev-req28/BiBi/09.2GeV-mb/urqmd/BiBi-09.2GeV-mp07-22-500ev-req28/urqmd-BiBi-09.2GeV-mb-eos0-500-2044.reco.root
Adding to chain: /eos/nica/mpd/sim/data/exp/dst-BiBi-09.2GeV-mp07-22-500ev-req28/BiBi/09.2GeV-mb/urqmd/BiBi-09.2GeV-mp07-22-500ev-req28/urqmd-BiBi-09.2GeV-mb-eos0-500-2045.reco.root
Adding to chain: /eos/nica/mpd/sim/data/exp/dst-BiBi-09.2GeV-mp07-22-500ev-req28/BiBi/09.2GeV-mb/urqmd/BiBi-09.2GeV-mp07-22-500ev-req28/urqmd-BiBi-09.2GeV-mb-eos0-500-2046.reco.root
Adding to chain: /eos/nica/mpd/sim/data/exp/dst-BiBi-09.2GeV-mp07-22-500ev-req28/BiBi/09.2GeV-mb/urqmd/BiBi-09.2GeV-mp07-22-500ev-req28/urqmd-BiBi-09.2GeV-mb-eos0-500-2047.reco.root
Adding to chain: /eos/nica/mpd/sim/data/exp/dst-BiBi-09.2GeV-mp07-22-500ev-req28/BiBi/09.2GeV-mb/urqmd/BiBi-09.2GeV-mp07-22-500ev-req28/urqmd-BiBi-09.2GeV-mb-eos0-500-2048.reco.root
Adding to chain: /eos/nica/mpd/sim/data/exp/dst-BiBi-09.2GeV-mp07-22-500ev-req28/BiBi/09.2GeV-mb/urqmd/BiBi-09.2GeV-mp07-22-500ev-req28/urqmd-BiBi-09.2GeV-mb-eos0-500-2049.reco.root
Adding to chain: /eos/nica/mpd/sim/data/exp/dst-BiBi-09.2GeV-mp07-22-500ev-req28/BiBi/09.2GeV-mb/urqmd/BiBi-09.2GeV-mp07-22-500ev-req28/urqmd-BiBi-09.2GeV-mb-eos0-500-204.reco.root
Adding to chain: /eos/nica/mpd/sim/data/exp/dst-BiBi-09.2GeV-mp07-22-500ev-req28/BiBi/09.2GeV-mb/urqmd/BiBi-09.2GeV-mp07-22-500ev-req28/urqmd-BiBi-09.2GeV-mb-eos0-500-2050.reco.root
Adding to chain: /eos/nica/mpd/sim/data/exp/dst-BiBi-09.2GeV-mp07-22-500ev-req28/BiBi/09.2GeV-mb/urqmd/BiBi-09.2GeV-mp07-22-500ev-req28/urqmd-BiBi-09.2GeV-mb-eos0-500-2051.reco.root
Adding to chain: /eos/nica/mpd/sim/data/exp/dst-BiBi-09.2GeV-mp07-22-500ev-req28/BiBi/09.2GeV-mb/urqmd/BiBi-09.2GeV-mp07-22-500ev-req28/urqmd-BiBi-09.2GeV-mb-eos0-500-2052.reco.root
Adding to chain: /eos/nica/mpd/sim/data/exp/dst-BiBi-09.2GeV-mp07-22-500ev-req28/BiBi/09.2GeV-mb/urqmd/BiBi-09.2GeV-mp07-22-500ev-req28/urqmd-BiBi-09.2GeV-mb-eos0-500-2053.reco.root
Adding to chain: /eos/nica/mpd/sim/data/exp/dst-BiBi-09.2GeV-mp07-22-500ev-req28/BiBi/09.2GeV-mb/urqmd/BiBi-09.2GeV-mp07-22-500ev-req28/urqmd-BiBi-09.2GeV-mb-eos0-500-2054.reco.root
Adding to chain: /eos/nica/mpd/sim/data/exp/dst-BiBi-09.2GeV-mp07-22-500ev-req28/BiBi/09.2GeV-mb/urqmd/BiBi-09.2GeV-mp07-22-500ev-req28/urqmd-BiBi-09.2GeV-mb-eos0-500-2055.reco.root
Adding to chain: /eos/nica/mpd/sim/data/exp/dst-BiBi-09.2GeV-mp07-22-500ev-req28/BiBi/09.2GeV-mb/urqmd/BiBi-09.2GeV-mp07-22-500ev-req28/urqmd-BiBi-09.2GeV-mb-eos0-500-2056.reco.root
Adding to chain: /eos/nica/mpd/sim/data/exp/dst-BiBi-09.2GeV-mp07-22-500ev-req28/BiBi/09.2GeV-mb/urqmd/BiBi-09.2GeV-mp07-22-500ev-req28/urqmd-BiBi-09.2GeV-mb-eos0-500-2057.reco.root
Adding to chain: /eos/nica/mpd/sim/data/exp/dst-BiBi-09.2GeV-mp07-22-500ev-req28/BiBi/09.2GeV-mb/urqmd/BiBi-09.2GeV-mp07-22-500ev-req28/urqmd-BiBi-09.2GeV-mb-eos0-500-2058.reco.root
Adding to chain: /eos/nica/mpd/sim/data/exp/dst-BiBi-09.2GeV-mp07-22-500ev-req28/BiBi/09.2GeV-mb/urqmd/BiBi-09.2GeV-mp07-22-500ev-req28/urqmd-BiBi-09.2GeV-mb-eos0-500-2059.reco.root
Adding to chain: /eos/nica/mpd/sim/data/exp/dst-BiBi-09.2GeV-mp07-22-500ev-req28/BiBi/09.2GeV-mb/urqmd/BiBi-09.2GeV-mp07-22-500ev-req28/urqmd-BiBi-09.2GeV-mb-eos0-500-205.reco.root
Adding to chain: /eos/nica/mpd/sim/data/exp/dst-BiBi-09.2GeV-mp07-22-500ev-req28/BiBi/09.2GeV-mb/urqmd/BiBi-09.2GeV-mp07-22-500ev-req28/urqmd-BiBi-09.2GeV-mb-eos0-500-2060.reco.root
Adding to chain: /eos/nica/mpd/sim/data/exp/dst-BiBi-09.2GeV-mp07-22-500ev-req28/BiBi/09.2GeV-mb/urqmd/BiBi-09.2GeV-mp07-22-500ev-req28/urqmd-BiBi-09.2GeV-mb-eos0-500-2061.reco.root
Adding to chain: /eos/nica/mpd/sim/data/exp/dst-BiBi-09.2GeV-mp07-22-500ev-req28/BiBi/09.2GeV-mb/urqmd/BiBi-09.2GeV-mp07-22-500ev-req28/urqmd-BiBi-09.2GeV-mb-eos0-500-2062.reco.root
Adding to chain: /eos/nica/mpd/sim/data/exp/dst-BiBi-09.2GeV-mp07-22-500ev-req28/BiBi/09.2GeV-mb/urqmd/BiBi-09.2GeV-mp07-22-500ev-req28/urqmd-BiBi-09.2GeV-mb-eos0-500-2063.reco.root
Adding to chain: /eos/nica/mpd/sim/data/exp/dst-BiBi-09.2GeV-mp07-22-500ev-req28/BiBi/09.2GeV-mb/urqmd/BiBi-09.2GeV-mp07-22-500ev-req28/urqmd-BiBi-09.2GeV-mb-eos0-500-2064.reco.root
Adding to chain: /eos/nica/mpd/sim/data/exp/dst-BiBi-09.2GeV-mp07-22-500ev-req28/BiBi/09.2GeV-mb/urqmd/BiBi-09.2GeV-mp07-22-500ev-req28/urqmd-BiBi-09.2GeV-mb-eos0-500-2065.reco.root
Adding to chain: /eos/nica/mpd/sim/data/exp/dst-BiBi-09.2GeV-mp07-22-500ev-req28/BiBi/09.2GeV-mb/urqmd/BiBi-09.2GeV-mp07-22-500ev-req28/urqmd-BiBi-09.2GeV-mb-eos0-500-2066.reco.root
Adding to chain: /eos/nica/mpd/sim/data/exp/dst-BiBi-09.2GeV-mp07-22-500ev-req28/BiBi/09.2GeV-mb/urqmd/BiBi-09.2GeV-mp07-22-500ev-req28/urqmd-BiBi-09.2GeV-mb-eos0-500-2067.reco.root
Adding to chain: /eos/nica/mpd/sim/data/exp/dst-BiBi-09.2GeV-mp07-22-500ev-req28/BiBi/09.2GeV-mb/urqmd/BiBi-09.2GeV-mp07-22-500ev-req28/urqmd-BiBi-09.2GeV-mb-eos0-500-2068.reco.root
Adding to chain: /eos/nica/mpd/sim/data/exp/dst-BiBi-09.2GeV-mp07-22-500ev-req28/BiBi/09.2GeV-mb/urqmd/BiBi-09.2GeV-mp07-22-500ev-req28/urqmd-BiBi-09.2GeV-mb-eos0-500-2069.reco.root
Adding to chain: /eos/nica/mpd/sim/data/exp/dst-BiBi-09.2GeV-mp07-22-500ev-req28/BiBi/09.2GeV-mb/urqmd/BiBi-09.2GeV-mp07-22-500ev-req28/urqmd-BiBi-09.2GeV-mb-eos0-500-206.reco.root
Adding to chain: /eos/nica/mpd/sim/data/exp/dst-BiBi-09.2GeV-mp07-22-500ev-req28/BiBi/09.2GeV-mb/urqmd/BiBi-09.2GeV-mp07-22-500ev-req28/urqmd-BiBi-09.2GeV-mb-eos0-500-2070.reco.root
Adding to chain: /eos/nica/mpd/sim/data/exp/dst-BiBi-09.2GeV-mp07-22-500ev-req28/BiBi/09.2GeV-mb/urqmd/BiBi-09.2GeV-mp07-22-500ev-req28/urqmd-BiBi-09.2GeV-mb-eos0-500-2071.reco.root
Adding to chain: /eos/nica/mpd/sim/data/exp/dst-BiBi-09.2GeV-mp07-22-500ev-req28/BiBi/09.2GeV-mb/urqmd/BiBi-09.2GeV-mp07-22-500ev-req28/urqmd-BiBi-09.2GeV-mb-eos0-500-2072.reco.root
Adding to chain: /eos/nica/mpd/sim/data/exp/dst-BiBi-09.2GeV-mp07-22-500ev-req28/BiBi/09.2GeV-mb/urqmd/BiBi-09.2GeV-mp07-22-500ev-req28/urqmd-BiBi-09.2GeV-mb-eos0-500-2073.reco.root
Adding to chain: /eos/nica/mpd/sim/data/exp/dst-BiBi-09.2GeV-mp07-22-500ev-req28/BiBi/09.2GeV-mb/urqmd/BiBi-09.2GeV-mp07-22-500ev-req28/urqmd-BiBi-09.2GeV-mb-eos0-500-2074.reco.root
Adding to chain: /eos/nica/mpd/sim/data/exp/dst-BiBi-09.2GeV-mp07-22-500ev-req28/BiBi/09.2GeV-mb/urqmd/BiBi-09.2GeV-mp07-22-500ev-req28/urqmd-BiBi-09.2GeV-mb-eos0-500-2075.reco.root
Adding to chain: /eos/nica/mpd/sim/data/exp/dst-BiBi-09.2GeV-mp07-22-500ev-req28/BiBi/09.2GeV-mb/urqmd/BiBi-09.2GeV-mp07-22-500ev-req28/urqmd-BiBi-09.2GeV-mb-eos0-500-2076.reco.root
Adding to chain: /eos/nica/mpd/sim/data/exp/dst-BiBi-09.2GeV-mp07-22-500ev-req28/BiBi/09.2GeV-mb/urqmd/BiBi-09.2GeV-mp07-22-500ev-req28/urqmd-BiBi-09.2GeV-mb-eos0-500-2077.reco.root
Adding to chain: /eos/nica/mpd/sim/data/exp/dst-BiBi-09.2GeV-mp07-22-500ev-req28/BiBi/09.2GeV-mb/urqmd/BiBi-09.2GeV-mp07-22-500ev-req28/urqmd-BiBi-09.2GeV-mb-eos0-500-2078.reco.root
Adding to chain: /eos/nica/mpd/sim/data/exp/dst-BiBi-09.2GeV-mp07-22-500ev-req28/BiBi/09.2GeV-mb/urqmd/BiBi-09.2GeV-mp07-22-500ev-req28/urqmd-BiBi-09.2GeV-mb-eos0-500-2079.reco.root
Adding to chain: /eos/nica/mpd/sim/data/exp/dst-BiBi-09.2GeV-mp07-22-500ev-req28/BiBi/09.2GeV-mb/urqmd/BiBi-09.2GeV-mp07-22-500ev-req28/urqmd-BiBi-09.2GeV-mb-eos0-500-207.reco.root
Adding to chain: /eos/nica/mpd/sim/data/exp/dst-BiBi-09.2GeV-mp07-22-500ev-req28/BiBi/09.2GeV-mb/urqmd/BiBi-09.2GeV-mp07-22-500ev-req28/urqmd-BiBi-09.2GeV-mb-eos0-500-2080.reco.root
Adding to chain: /eos/nica/mpd/sim/data/exp/dst-BiBi-09.2GeV-mp07-22-500ev-req28/BiBi/09.2GeV-mb/urqmd/BiBi-09.2GeV-mp07-22-500ev-req28/urqmd-BiBi-09.2GeV-mb-eos0-500-2081.reco.root
Adding to chain: /eos/nica/mpd/sim/data/exp/dst-BiBi-09.2GeV-mp07-22-500ev-req28/BiBi/09.2GeV-mb/urqmd/BiBi-09.2GeV-mp07-22-500ev-req28/urqmd-BiBi-09.2GeV-mb-eos0-500-2082.reco.root
Adding to chain: /eos/nica/mpd/sim/data/exp/dst-BiBi-09.2GeV-mp07-22-500ev-req28/BiBi/09.2GeV-mb/urqmd/BiBi-09.2GeV-mp07-22-500ev-req28/urqmd-BiBi-09.2GeV-mb-eos0-500-2083.reco.root
Adding to chain: /eos/nica/mpd/sim/data/exp/dst-BiBi-09.2GeV-mp07-22-500ev-req28/BiBi/09.2GeV-mb/urqmd/BiBi-09.2GeV-mp07-22-500ev-req28/urqmd-BiBi-09.2GeV-mb-eos0-500-2084.reco.root
Adding to chain: /eos/nica/mpd/sim/data/exp/dst-BiBi-09.2GeV-mp07-22-500ev-req28/BiBi/09.2GeV-mb/urqmd/BiBi-09.2GeV-mp07-22-500ev-req28/urqmd-BiBi-09.2GeV-mb-eos0-500-2085.reco.root
Adding to chain: /eos/nica/mpd/sim/data/exp/dst-BiBi-09.2GeV-mp07-22-500ev-req28/BiBi/09.2GeV-mb/urqmd/BiBi-09.2GeV-mp07-22-500ev-req28/urqmd-BiBi-09.2GeV-mb-eos0-500-2086.reco.root
Adding to chain: /eos/nica/mpd/sim/data/exp/dst-BiBi-09.2GeV-mp07-22-500ev-req28/BiBi/09.2GeV-mb/urqmd/BiBi-09.2GeV-mp07-22-500ev-req28/urqmd-BiBi-09.2GeV-mb-eos0-500-2087.reco.root
Adding to chain: /eos/nica/mpd/sim/data/exp/dst-BiBi-09.2GeV-mp07-22-500ev-req28/BiBi/09.2GeV-mb/urqmd/BiBi-09.2GeV-mp07-22-500ev-req28/urqmd-BiBi-09.2GeV-mb-eos0-500-2088.reco.root
Adding to chain: /eos/nica/mpd/sim/data/exp/dst-BiBi-09.2GeV-mp07-22-500ev-req28/BiBi/09.2GeV-mb/urqmd/BiBi-09.2GeV-mp07-22-500ev-req28/urqmd-BiBi-09.2GeV-mb-eos0-500-2089.reco.root
Adding to chain: /eos/nica/mpd/sim/data/exp/dst-BiBi-09.2GeV-mp07-22-500ev-req28/BiBi/09.2GeV-mb/urqmd/BiBi-09.2GeV-mp07-22-500ev-req28/urqmd-BiBi-09.2GeV-mb-eos0-500-208.reco.root
Adding to chain: /eos/nica/mpd/sim/data/exp/dst-BiBi-09.2GeV-mp07-22-500ev-req28/BiBi/09.2GeV-mb/urqmd/BiBi-09.2GeV-mp07-22-500ev-req28/urqmd-BiBi-09.2GeV-mb-eos0-500-2090.reco.root
Chain created
void MpdKalmanFilter::InitializeField(FairField* )

 -I- Using the default constant magnetic field Bz = 5 kG 
 -I- The magnetic field at (0,0,0) = (0,0,5) kG
MpdAnalysisManager: number of events to process 50000
MpdAnalysisManager: processing event 0 of 50000
MpdAnalysisManager: processing event 100 of 50000
MpdAnalysisManager: processing event 200 of 50000
MpdAnalysisManager: processing event 300 of 50000
MpdAnalysisManager: processing event 400 of 50000
MpdAnalysisManager: processing event 500 of 50000
MpdAnalysisManager: processing event 600 of 50000
MpdAnalysisManager: processing event 700 of 50000
MpdAnalysisManager: processing event 800 of 50000
MpdAnalysisManager: processing event 900 of 50000
MpdAnalysisManager: processing event 1000 of 50000
MpdAnalysisManager: processing event 1100 of 50000
MpdAnalysisManager: processing event 1200 of 50000
MpdAnalysisManager: processing event 1300 of 50000
MpdAnalysisManager: processing event 1400 of 50000
MpdAnalysisManager: processing event 1500 of 50000
MpdAnalysisManager: processing event 1600 of 50000
MpdAnalysisManager: processing event 1700 of 50000
MpdAnalysisManager: processing event 1800 of 50000
MpdAnalysisManager: processing event 1900 of 50000
MpdAnalysisManager: processing event 2000 of 50000
MpdAnalysisManager: processing event 2100 of 50000
MpdAnalysisManager: processing event 2200 of 50000
MpdAnalysisManager: processing event 2300 of 50000
MpdAnalysisManager: processing event 2400 of 50000
MpdAnalysisManager: processing event 2500 of 50000
MpdAnalysisManager: processing event 2600 of 50000
MpdAnalysisManager: processing event 2700 of 50000
MpdAnalysisManager: processing event 2800 of 50000
MpdAnalysisManager: processing event 2900 of 50000
MpdAnalysisManager: processing event 3000 of 50000
MpdAnalysisManager: processing event 3100 of 50000
MpdAnalysisManager: processing event 3200 of 50000
MpdAnalysisManager: processing event 3300 of 50000
MpdAnalysisManager: processing event 3400 of 50000
MpdAnalysisManager: processing event 3500 of 50000
MpdAnalysisManager: processing event 3600 of 50000
MpdAnalysisManager: processing event 3700 of 50000
MpdAnalysisManager: processing event 3800 of 50000
MpdAnalysisManager: processing event 3900 of 50000
MpdAnalysisManager: processing event 4000 of 50000
MpdAnalysisManager: processing event 4100 of 50000
MpdAnalysisManager: processing event 4200 of 50000
MpdAnalysisManager: processing event 4300 of 50000
MpdAnalysisManager: processing event 4400 of 50000
MpdAnalysisManager: processing event 4500 of 50000
MpdAnalysisManager: processing event 4600 of 50000
MpdAnalysisManager: processing event 4700 of 50000
MpdAnalysisManager: processing event 4800 of 50000
MpdAnalysisManager: processing event 4900 of 50000
MpdAnalysisManager: processing event 5000 of 50000
MpdAnalysisManager: processing event 5100 of 50000
MpdAnalysisManager: processing event 5200 of 50000
MpdAnalysisManager: processing event 5300 of 50000
MpdAnalysisManager: processing event 5400 of 50000
MpdAnalysisManager: processing event 5500 of 50000
MpdAnalysisManager: processing event 5600 of 50000
MpdAnalysisManager: processing event 5700 of 50000
MpdAnalysisManager: processing event 5800 of 50000
MpdAnalysisManager: processing event 5900 of 50000
MpdAnalysisManager: processing event 6000 of 50000
MpdAnalysisManager: processing event 6100 of 50000
MpdAnalysisManager: processing event 6200 of 50000
MpdAnalysisManager: processing event 6300 of 50000
MpdAnalysisManager: processing event 6400 of 50000
MpdAnalysisManager: processing event 6500 of 50000
MpdAnalysisManager: processing event 6600 of 50000
MpdAnalysisManager: processing event 6700 of 50000
MpdAnalysisManager: processing event 6800 of 50000
MpdAnalysisManager: processing event 6900 of 50000
MpdAnalysisManager: processing event 7000 of 50000
MpdAnalysisManager: processing event 7100 of 50000
MpdAnalysisManager: processing event 7200 of 50000
MpdAnalysisManager: processing event 7300 of 50000
MpdAnalysisManager: processing event 7400 of 50000
MpdAnalysisManager: processing event 7500 of 50000
MpdAnalysisManager: processing event 7600 of 50000
MpdAnalysisManager: processing event 7700 of 50000
MpdAnalysisManager: processing event 7800 of 50000
MpdAnalysisManager: processing event 7900 of 50000
MpdAnalysisManager: processing event 8000 of 50000
MpdAnalysisManager: processing event 8100 of 50000
MpdAnalysisManager: processing event 8200 of 50000
MpdAnalysisManager: processing event 8300 of 50000
MpdAnalysisManager: processing event 8400 of 50000
MpdAnalysisManager: processing event 8500 of 50000
MpdAnalysisManager: processing event 8600 of 50000
MpdAnalysisManager: processing event 8700 of 50000
MpdAnalysisManager: processing event 8800 of 50000
MpdAnalysisManager: processing event 8900 of 50000
MpdAnalysisManager: processing event 9000 of 50000
MpdAnalysisManager: processing event 9100 of 50000
MpdAnalysisManager: processing event 9200 of 50000
MpdAnalysisManager: processing event 9300 of 50000
MpdAnalysisManager: processing event 9400 of 50000
MpdAnalysisManager: processing event 9500 of 50000
MpdAnalysisManager: processing event 9600 of 50000
MpdAnalysisManager: processing event 9700 of 50000
MpdAnalysisManager: processing event 9800 of 50000
MpdAnalysisManager: processing event 9900 of 50000
MpdAnalysisManager: processing event 10000 of 50000
MpdAnalysisManager: processing event 10100 of 50000
MpdAnalysisManager: processing event 10200 of 50000
MpdAnalysisManager: processing event 10300 of 50000
MpdAnalysisManager: processing event 10400 of 50000
MpdAnalysisManager: processing event 10500 of 50000
MpdAnalysisManager: processing event 10600 of 50000
MpdAnalysisManager: processing event 10700 of 50000
MpdAnalysisManager: processing event 10800 of 50000
MpdAnalysisManager: processing event 10900 of 50000
MpdAnalysisManager: processing event 11000 of 50000
MpdAnalysisManager: processing event 11100 of 50000
MpdAnalysisManager: processing event 11200 of 50000
MpdAnalysisManager: processing event 11300 of 50000
MpdAnalysisManager: processing event 11400 of 50000
MpdAnalysisManager: processing event 11500 of 50000
MpdAnalysisManager: processing event 11600 of 50000
MpdAnalysisManager: processing event 11700 of 50000
MpdAnalysisManager: processing event 11800 of 50000
MpdAnalysisManager: processing event 11900 of 50000
MpdAnalysisManager: processing event 12000 of 50000
MpdAnalysisManager: processing event 12100 of 50000
MpdAnalysisManager: processing event 12200 of 50000
MpdAnalysisManager: processing event 12300 of 50000
MpdAnalysisManager: processing event 12400 of 50000
MpdAnalysisManager: processing event 12500 of 50000
MpdAnalysisManager: processing event 12600 of 50000
MpdAnalysisManager: processing event 12700 of 50000
MpdAnalysisManager: processing event 12800 of 50000
MpdAnalysisManager: processing event 12900 of 50000
MpdAnalysisManager: processing event 13000 of 50000
MpdAnalysisManager: processing event 13100 of 50000
MpdAnalysisManager: processing event 13200 of 50000
MpdAnalysisManager: processing event 13300 of 50000
MpdAnalysisManager: processing event 13400 of 50000
MpdAnalysisManager: processing event 13500 of 50000
MpdAnalysisManager: processing event 13600 of 50000
MpdAnalysisManager: processing event 13700 of 50000
MpdAnalysisManager: processing event 13800 of 50000
MpdAnalysisManager: processing event 13900 of 50000
MpdAnalysisManager: processing event 14000 of 50000
MpdAnalysisManager: processing event 14100 of 50000
MpdAnalysisManager: processing event 14200 of 50000
MpdAnalysisManager: processing event 14300 of 50000
MpdAnalysisManager: processing event 14400 of 50000
MpdAnalysisManager: processing event 14500 of 50000
MpdAnalysisManager: processing event 14600 of 50000
MpdAnalysisManager: processing event 14700 of 50000
MpdAnalysisManager: processing event 14800 of 50000
MpdAnalysisManager: processing event 14900 of 50000
MpdAnalysisManager: processing event 15000 of 50000
MpdAnalysisManager: processing event 15100 of 50000
MpdAnalysisManager: processing event 15200 of 50000
MpdAnalysisManager: processing event 15300 of 50000
MpdAnalysisManager: processing event 15400 of 50000
MpdAnalysisManager: processing event 15500 of 50000
MpdAnalysisManager: processing event 15600 of 50000
MpdAnalysisManager: processing event 15700 of 50000
MpdAnalysisManager: processing event 15800 of 50000
MpdAnalysisManager: processing event 15900 of 50000
MpdAnalysisManager: processing event 16000 of 50000
MpdAnalysisManager: processing event 16100 of 50000
MpdAnalysisManager: processing event 16200 of 50000
MpdAnalysisManager: processing event 16300 of 50000
MpdAnalysisManager: processing event 16400 of 50000
MpdAnalysisManager: processing event 16500 of 50000
MpdAnalysisManager: processing event 16600 of 50000
MpdAnalysisManager: processing event 16700 of 50000
MpdAnalysisManager: processing event 16800 of 50000
MpdAnalysisManager: processing event 16900 of 50000
MpdAnalysisManager: processing event 17000 of 50000
MpdAnalysisManager: processing event 17100 of 50000
MpdAnalysisManager: processing event 17200 of 50000
MpdAnalysisManager: processing event 17300 of 50000
MpdAnalysisManager: processing event 17400 of 50000
MpdAnalysisManager: processing event 17500 of 50000
MpdAnalysisManager: processing event 17600 of 50000
MpdAnalysisManager: processing event 17700 of 50000
MpdAnalysisManager: processing event 17800 of 50000
MpdAnalysisManager: processing event 17900 of 50000
MpdAnalysisManager: processing event 18000 of 50000
MpdAnalysisManager: processing event 18100 of 50000
MpdAnalysisManager: processing event 18200 of 50000
MpdAnalysisManager: processing event 18300 of 50000
MpdAnalysisManager: processing event 18400 of 50000
MpdAnalysisManager: processing event 18500 of 50000
MpdAnalysisManager: processing event 18600 of 50000
MpdAnalysisManager: processing event 18700 of 50000
MpdAnalysisManager: processing event 18800 of 50000
MpdAnalysisManager: processing event 18900 of 50000
MpdAnalysisManager: processing event 19000 of 50000
MpdAnalysisManager: processing event 19100 of 50000
MpdAnalysisManager: processing event 19200 of 50000
MpdAnalysisManager: processing event 19300 of 50000
MpdAnalysisManager: processing event 19400 of 50000
MpdAnalysisManager: processing event 19500 of 50000
MpdAnalysisManager: processing event 19600 of 50000
MpdAnalysisManager: processing event 19700 of 50000
MpdAnalysisManager: processing event 19800 of 50000
MpdAnalysisManager: processing event 19900 of 50000
MpdAnalysisManager: processing event 20000 of 50000
MpdAnalysisManager: processing event 20100 of 50000
MpdAnalysisManager: processing event 20200 of 50000
MpdAnalysisManager: processing event 20300 of 50000
MpdAnalysisManager: processing event 20400 of 50000
MpdAnalysisManager: processing event 20500 of 50000
MpdAnalysisManager: processing event 20600 of 50000
MpdAnalysisManager: processing event 20700 of 50000
MpdAnalysisManager: processing event 20800 of 50000
MpdAnalysisManager: processing event 20900 of 50000
MpdAnalysisManager: processing event 21000 of 50000
MpdAnalysisManager: processing event 21100 of 50000
MpdAnalysisManager: processing event 21200 of 50000
MpdAnalysisManager: processing event 21300 of 50000
MpdAnalysisManager: processing event 21400 of 50000
MpdAnalysisManager: processing event 21500 of 50000
MpdAnalysisManager: processing event 21600 of 50000
MpdAnalysisManager: processing event 21700 of 50000
MpdAnalysisManager: processing event 21800 of 50000
MpdAnalysisManager: processing event 21900 of 50000
MpdAnalysisManager: processing event 22000 of 50000
MpdAnalysisManager: processing event 22100 of 50000
MpdAnalysisManager: processing event 22200 of 50000
MpdAnalysisManager: processing event 22300 of 50000
MpdAnalysisManager: processing event 22400 of 50000
MpdAnalysisManager: processing event 22500 of 50000
MpdAnalysisManager: processing event 22600 of 50000
MpdAnalysisManager: processing event 22700 of 50000
MpdAnalysisManager: processing event 22800 of 50000
MpdAnalysisManager: processing event 22900 of 50000
MpdAnalysisManager: processing event 23000 of 50000
MpdAnalysisManager: processing event 23100 of 50000
MpdAnalysisManager: processing event 23200 of 50000
MpdAnalysisManager: processing event 23300 of 50000
MpdAnalysisManager: processing event 23400 of 50000
MpdAnalysisManager: processing event 23500 of 50000
MpdAnalysisManager: processing event 23600 of 50000
MpdAnalysisManager: processing event 23700 of 50000
MpdAnalysisManager: processing event 23800 of 50000
MpdAnalysisManager: processing event 23900 of 50000
MpdAnalysisManager: processing event 24000 of 50000
MpdAnalysisManager: processing event 24100 of 50000
MpdAnalysisManager: processing event 24200 of 50000
MpdAnalysisManager: processing event 24300 of 50000
MpdAnalysisManager: processing event 24400 of 50000
MpdAnalysisManager: processing event 24500 of 50000
MpdAnalysisManager: processing event 24600 of 50000
MpdAnalysisManager: processing event 24700 of 50000
MpdAnalysisManager: processing event 24800 of 50000
MpdAnalysisManager: processing event 24900 of 50000
MpdAnalysisManager: processing event 25000 of 50000
MpdAnalysisManager: processing event 25100 of 50000
MpdAnalysisManager: processing event 25200 of 50000
MpdAnalysisManager: processing event 25300 of 50000
MpdAnalysisManager: processing event 25400 of 50000
MpdAnalysisManager: processing event 25500 of 50000
MpdAnalysisManager: processing event 25600 of 50000
MpdAnalysisManager: processing event 25700 of 50000
MpdAnalysisManager: processing event 25800 of 50000
MpdAnalysisManager: processing event 25900 of 50000
MpdAnalysisManager: processing event 26000 of 50000
MpdAnalysisManager: processing event 26100 of 50000
MpdAnalysisManager: processing event 26200 of 50000
MpdAnalysisManager: processing event 26300 of 50000
MpdAnalysisManager: processing event 26400 of 50000
MpdAnalysisManager: processing event 26500 of 50000
MpdAnalysisManager: processing event 26600 of 50000
MpdAnalysisManager: processing event 26700 of 50000
MpdAnalysisManager: processing event 26800 of 50000
MpdAnalysisManager: processing event 26900 of 50000
MpdAnalysisManager: processing event 27000 of 50000
MpdAnalysisManager: processing event 27100 of 50000
MpdAnalysisManager: processing event 27200 of 50000
MpdAnalysisManager: processing event 27300 of 50000
MpdAnalysisManager: processing event 27400 of 50000
MpdAnalysisManager: processing event 27500 of 50000
MpdAnalysisManager: processing event 27600 of 50000
MpdAnalysisManager: processing event 27700 of 50000
MpdAnalysisManager: processing event 27800 of 50000
MpdAnalysisManager: processing event 27900 of 50000
MpdAnalysisManager: processing event 28000 of 50000
MpdAnalysisManager: processing event 28100 of 50000
MpdAnalysisManager: processing event 28200 of 50000
MpdAnalysisManager: processing event 28300 of 50000
MpdAnalysisManager: processing event 28400 of 50000
MpdAnalysisManager: processing event 28500 of 50000
MpdAnalysisManager: processing event 28600 of 50000
MpdAnalysisManager: processing event 28700 of 50000
MpdAnalysisManager: processing event 28800 of 50000
MpdAnalysisManager: processing event 28900 of 50000
MpdAnalysisManager: processing event 29000 of 50000
MpdAnalysisManager: processing event 29100 of 50000
MpdAnalysisManager: processing event 29200 of 50000
MpdAnalysisManager: processing event 29300 of 50000
MpdAnalysisManager: processing event 29400 of 50000
MpdAnalysisManager: processing event 29500 of 50000
MpdAnalysisManager: processing event 29600 of 50000
MpdAnalysisManager: processing event 29700 of 50000
MpdAnalysisManager: processing event 29800 of 50000
MpdAnalysisManager: processing event 29900 of 50000
MpdAnalysisManager: processing event 30000 of 50000
MpdAnalysisManager: processing event 30100 of 50000
MpdAnalysisManager: processing event 30200 of 50000
MpdAnalysisManager: processing event 30300 of 50000
MpdAnalysisManager: processing event 30400 of 50000
MpdAnalysisManager: processing event 30500 of 50000
MpdAnalysisManager: processing event 30600 of 50000
MpdAnalysisManager: processing event 30700 of 50000
MpdAnalysisManager: processing event 30800 of 50000
MpdAnalysisManager: processing event 30900 of 50000
MpdAnalysisManager: processing event 31000 of 50000
MpdAnalysisManager: processing event 31100 of 50000
MpdAnalysisManager: processing event 31200 of 50000
MpdAnalysisManager: processing event 31300 of 50000
MpdAnalysisManager: processing event 31400 of 50000
MpdAnalysisManager: processing event 31500 of 50000
MpdAnalysisManager: processing event 31600 of 50000
MpdAnalysisManager: processing event 31700 of 50000
MpdAnalysisManager: processing event 31800 of 50000
MpdAnalysisManager: processing event 31900 of 50000
MpdAnalysisManager: processing event 32000 of 50000
MpdAnalysisManager: processing event 32100 of 50000
MpdAnalysisManager: processing event 32200 of 50000
MpdAnalysisManager: processing event 32300 of 50000
MpdAnalysisManager: processing event 32400 of 50000
MpdAnalysisManager: processing event 32500 of 50000
MpdAnalysisManager: processing event 32600 of 50000
MpdAnalysisManager: processing event 32700 of 50000
MpdAnalysisManager: processing event 32800 of 50000
MpdAnalysisManager: processing event 32900 of 50000
MpdAnalysisManager: processing event 33000 of 50000
MpdAnalysisManager: processing event 33100 of 50000
MpdAnalysisManager: processing event 33200 of 50000
MpdAnalysisManager: processing event 33300 of 50000
MpdAnalysisManager: processing event 33400 of 50000
MpdAnalysisManager: processing event 33500 of 50000
MpdAnalysisManager: processing event 33600 of 50000
MpdAnalysisManager: processing event 33700 of 50000
MpdAnalysisManager: processing event 33800 of 50000
MpdAnalysisManager: processing event 33900 of 50000
MpdAnalysisManager: processing event 34000 of 50000
MpdAnalysisManager: processing event 34100 of 50000
MpdAnalysisManager: processing event 34200 of 50000
MpdAnalysisManager: processing event 34300 of 50000
MpdAnalysisManager: processing event 34400 of 50000
MpdAnalysisManager: processing event 34500 of 50000
MpdAnalysisManager: processing event 34600 of 50000
MpdAnalysisManager: processing event 34700 of 50000
MpdAnalysisManager: processing event 34800 of 50000
MpdAnalysisManager: processing event 34900 of 50000
MpdAnalysisManager: processing event 35000 of 50000
MpdAnalysisManager: processing event 35100 of 50000
MpdAnalysisManager: processing event 35200 of 50000
MpdAnalysisManager: processing event 35300 of 50000
MpdAnalysisManager: processing event 35400 of 50000
MpdAnalysisManager: processing event 35500 of 50000
MpdAnalysisManager: processing event 35600 of 50000
MpdAnalysisManager: processing event 35700 of 50000
MpdAnalysisManager: processing event 35800 of 50000
MpdAnalysisManager: processing event 35900 of 50000
MpdAnalysisManager: processing event 36000 of 50000
MpdAnalysisManager: processing event 36100 of 50000
MpdAnalysisManager: processing event 36200 of 50000
MpdAnalysisManager: processing event 36300 of 50000
MpdAnalysisManager: processing event 36400 of 50000
MpdAnalysisManager: processing event 36500 of 50000
MpdAnalysisManager: processing event 36600 of 50000
MpdAnalysisManager: processing event 36700 of 50000
MpdAnalysisManager: processing event 36800 of 50000
MpdAnalysisManager: processing event 36900 of 50000
MpdAnalysisManager: processing event 37000 of 50000
MpdAnalysisManager: processing event 37100 of 50000
MpdAnalysisManager: processing event 37200 of 50000
MpdAnalysisManager: processing event 37300 of 50000
MpdAnalysisManager: processing event 37400 of 50000
MpdAnalysisManager: processing event 37500 of 50000
MpdAnalysisManager: processing event 37600 of 50000
MpdAnalysisManager: processing event 37700 of 50000
MpdAnalysisManager: processing event 37800 of 50000
MpdAnalysisManager: processing event 37900 of 50000
MpdAnalysisManager: processing event 38000 of 50000
MpdAnalysisManager: processing event 38100 of 50000
MpdAnalysisManager: processing event 38200 of 50000
MpdAnalysisManager: processing event 38300 of 50000
MpdAnalysisManager: processing event 38400 of 50000
MpdAnalysisManager: processing event 38500 of 50000
MpdAnalysisManager: processing event 38600 of 50000
MpdAnalysisManager: processing event 38700 of 50000
MpdAnalysisManager: processing event 38800 of 50000
MpdAnalysisManager: processing event 38900 of 50000
MpdAnalysisManager: processing event 39000 of 50000
MpdAnalysisManager: processing event 39100 of 50000
MpdAnalysisManager: processing event 39200 of 50000
MpdAnalysisManager: processing event 39300 of 50000
MpdAnalysisManager: processing event 39400 of 50000
MpdAnalysisManager: processing event 39500 of 50000
MpdAnalysisManager: processing event 39600 of 50000
MpdAnalysisManager: processing event 39700 of 50000
MpdAnalysisManager: processing event 39800 of 50000
MpdAnalysisManager: processing event 39900 of 50000
MpdAnalysisManager: processing event 40000 of 50000
MpdAnalysisManager: processing event 40100 of 50000
MpdAnalysisManager: processing event 40200 of 50000
MpdAnalysisManager: processing event 40300 of 50000
MpdAnalysisManager: processing event 40400 of 50000
MpdAnalysisManager: processing event 40500 of 50000
MpdAnalysisManager: processing event 40600 of 50000
MpdAnalysisManager: processing event 40700 of 50000
MpdAnalysisManager: processing event 40800 of 50000
MpdAnalysisManager: processing event 40900 of 50000
MpdAnalysisManager: processing event 41000 of 50000
MpdAnalysisManager: processing event 41100 of 50000
MpdAnalysisManager: processing event 41200 of 50000
MpdAnalysisManager: processing event 41300 of 50000
MpdAnalysisManager: processing event 41400 of 50000
MpdAnalysisManager: processing event 41500 of 50000
MpdAnalysisManager: processing event 41600 of 50000
MpdAnalysisManager: processing event 41700 of 50000
MpdAnalysisManager: processing event 41800 of 50000
MpdAnalysisManager: processing event 41900 of 50000
MpdAnalysisManager: processing event 42000 of 50000
MpdAnalysisManager: processing event 42100 of 50000
MpdAnalysisManager: processing event 42200 of 50000
MpdAnalysisManager: processing event 42300 of 50000
MpdAnalysisManager: processing event 42400 of 50000
MpdAnalysisManager: processing event 42500 of 50000
MpdAnalysisManager: processing event 42600 of 50000
MpdAnalysisManager: processing event 42700 of 50000
MpdAnalysisManager: processing event 42800 of 50000
MpdAnalysisManager: processing event 42900 of 50000
MpdAnalysisManager: processing event 43000 of 50000
MpdAnalysisManager: processing event 43100 of 50000
MpdAnalysisManager: processing event 43200 of 50000
MpdAnalysisManager: processing event 43300 of 50000
MpdAnalysisManager: processing event 43400 of 50000
MpdAnalysisManager: processing event 43500 of 50000
MpdAnalysisManager: processing event 43600 of 50000
MpdAnalysisManager: processing event 43700 of 50000
MpdAnalysisManager: processing event 43800 of 50000
MpdAnalysisManager: processing event 43900 of 50000
MpdAnalysisManager: processing event 44000 of 50000
MpdAnalysisManager: processing event 44100 of 50000
MpdAnalysisManager: processing event 44200 of 50000
MpdAnalysisManager: processing event 44300 of 50000
MpdAnalysisManager: processing event 44400 of 50000
MpdAnalysisManager: processing event 44500 of 50000
MpdAnalysisManager: processing event 44600 of 50000
MpdAnalysisManager: processing event 44700 of 50000
MpdAnalysisManager: processing event 44800 of 50000
MpdAnalysisManager: processing event 44900 of 50000
MpdAnalysisManager: processing event 45000 of 50000
MpdAnalysisManager: processing event 45100 of 50000
MpdAnalysisManager: processing event 45200 of 50000
MpdAnalysisManager: processing event 45300 of 50000
MpdAnalysisManager: processing event 45400 of 50000
MpdAnalysisManager: processing event 45500 of 50000
MpdAnalysisManager: processing event 45600 of 50000
MpdAnalysisManager: processing event 45700 of 50000
MpdAnalysisManager: processing event 45800 of 50000
MpdAnalysisManager: processing event 45900 of 50000
MpdAnalysisManager: processing event 46000 of 50000
MpdAnalysisManager: processing event 46100 of 50000
MpdAnalysisManager: processing event 46200 of 50000
MpdAnalysisManager: processing event 46300 of 50000
MpdAnalysisManager: processing event 46400 of 50000
MpdAnalysisManager: processing event 46500 of 50000
MpdAnalysisManager: processing event 46600 of 50000
MpdAnalysisManager: processing event 46700 of 50000
MpdAnalysisManager: processing event 46800 of 50000
MpdAnalysisManager: processing event 46900 of 50000
MpdAnalysisManager: processing event 47000 of 50000
MpdAnalysisManager: processing event 47100 of 50000
MpdAnalysisManager: processing event 47200 of 50000
MpdAnalysisManager: processing event 47300 of 50000
MpdAnalysisManager: processing event 47400 of 50000
MpdAnalysisManager: processing event 47500 of 50000
MpdAnalysisManager: processing event 47600 of 50000
MpdAnalysisManager: processing event 47700 of 50000
MpdAnalysisManager: processing event 47800 of 50000
MpdAnalysisManager: processing event 47900 of 50000
MpdAnalysisManager: processing event 48000 of 50000
MpdAnalysisManager: processing event 48100 of 50000
MpdAnalysisManager: processing event 48200 of 50000
MpdAnalysisManager: processing event 48300 of 50000
MpdAnalysisManager: processing event 48400 of 50000
MpdAnalysisManager: processing event 48500 of 50000
MpdAnalysisManager: processing event 48600 of 50000
MpdAnalysisManager: processing event 48700 of 50000
MpdAnalysisManager: processing event 48800 of 50000
MpdAnalysisManager: processing event 48900 of 50000
MpdAnalysisManager: processing event 49000 of 50000
MpdAnalysisManager: processing event 49100 of 50000
MpdAnalysisManager: processing event 49200 of 50000
MpdAnalysisManager: processing event 49300 of 50000
MpdAnalysisManager: processing event 49400 of 50000
MpdAnalysisManager: processing event 49500 of 50000
MpdAnalysisManager: processing event 49600 of 50000
MpdAnalysisManager: processing event 49700 of 50000
MpdAnalysisManager: processing event 49800 of 50000
MpdAnalysisManager: processing event 49900 of 50000
Writing output to file pCentr.root
Writing output to file taskEner.root
